Running on host grad07

Initial Time is Wed 23 Nov 2022 10:23:02 PM -03

Directory is /home/pp03025/openmp/mpi/trabalho2-paralela

This jobs runs on the following nodes:
grad07

JOB_ID:
7725

8 processos/1 nodo
1000000 0.894139
2000000 1.814990
3000000 2.791164
4000000 3.791172
5000000 4.837777
6000000 5.812124
7000000 6.763708
8000000 7.788735
9000000 8.683979
10000000 10.151826

8 processos (bynode)/1 nodo
1000000 0.893797
2000000 1.816269
3000000 2.792511
4000000 3.791362
5000000 4.837953
6000000 5.812990
7000000 6.754332
8000000 7.787186
9000000 8.687446
10000000 9.702055

Final Time is Wed 23 Nov 2022 10:25:14 PM -03
