Running on host grad06

Initial Time is Wed 23 Nov 2022 10:22:59 PM -03

Directory is /home/pp03025/openmp/mpi/trabalho2-paralela

This jobs runs on the following nodes:
grad06

JOB_ID:
7724

8 processos/1 nodo
1000000 0.893667
2000000 1.817261
3000000 2.789322
4000000 3.798287
5000000 4.837083
6000000 5.809458
7000000 6.750146
8000000 7.783897
9000000 8.689512
10000000 9.711107

8 processos (bynode)/1 nodo
1000000 0.894397
2000000 1.820259
3000000 2.792771
4000000 3.795696
5000000 4.838774
6000000 5.811572
7000000 6.754359
8000000 7.786480
9000000 8.730415
10000000 9.731702

Final Time is Wed 23 Nov 2022 10:25:11 PM -03
