Running on host grad05

Initial Time is Wed 23 Nov 2022 10:22:54 PM -03

Directory is /home/pp03025/openmp/mpi/trabalho2-paralela

This jobs runs on the following nodes:
grad05

JOB_ID:
7723

8 processos/1 nodo
1000000 0.897334
2000000 1.816363
3000000 2.792202
4000000 3.792760
5000000 4.838278
6000000 5.815839
7000000 6.754652
8000000 7.787942
9000000 8.687325
10000000 9.713037

8 processos (bynode)/1 nodo
1000000 0.893957
2000000 1.818814
3000000 2.791100
4000000 3.796738
5000000 4.837965
6000000 5.811425
7000000 6.752757
8000000 7.784386
9000000 8.692116
10000000 10.281001

Final Time is Wed 23 Nov 2022 10:25:06 PM -03
