Running on host grad03

Initial Time is Wed 23 Nov 2022 10:30:18 PM -03

Directory is /home/pp03025/openmp/mpi/trabalho2-paralela

This jobs runs on the following nodes:
grad[03-04]

JOB_ID:
7739

32 processos/2 nodos
1000000 0.280194
2000000 0.535028
3000000 0.800689
4000000 1.081520
5000000 1.367953
6000000 1.631775
7000000 1.944140
8000000 2.244103
9000000 2.535611
10000000 2.824281

32 processos (bynode)/2 nodos
1000000 0.275142
2000000 0.527528
3000000 0.794919
4000000 1.078964
5000000 1.351774
6000000 1.640568
7000000 1.939387
8000000 2.244442
9000000 2.553015
10000000 2.854646

Final Time is Wed 23 Nov 2022 10:31:10 PM -03
