Running on host grad05

Initial Time is Wed 23 Nov 2022 10:29:08 PM -03

Directory is /home/pp03025/openmp/mpi/trabalho2-paralela

This jobs runs on the following nodes:
grad[05,08]

JOB_ID:
7736

16 processos/2 nodos
1000000 0.437047
2000000 0.868716
3000000 1.336215
4000000 1.812197
5000000 2.311604
6000000 2.820583
7000000 3.292803
8000000 3.740618
9000000 4.214472
10000000 4.685021

16 processos (bynode)/2 nodos
1000000 0.435624
2000000 0.866773
3000000 1.331073
4000000 1.806709
5000000 2.308433
6000000 2.805454
7000000 3.272504
8000000 3.720247
9000000 4.200549
10000000 4.660809

Final Time is Wed 23 Nov 2022 10:30:24 PM -03
