Running on host grad05

Initial Time is Wed 23 Nov 2022 10:26:26 PM -03

Directory is /home/pp03025/openmp/mpi/trabalho2-paralela

This jobs runs on the following nodes:
grad05

JOB_ID:
7731

16 processos/1 nodo
1000000 0.557155
2000000 1.113235
3000000 1.702848
4000000 2.322989
5000000 2.928964
6000000 3.571228
7000000 3.989449
8000000 4.435720
9000000 5.260155
10000000 5.961676

16 processos (bynode)/1 nodo
1000000 0.552451
2000000 1.115700
3000000 1.705375
4000000 2.314561
5000000 2.933938
6000000 3.576447
7000000 4.044793
8000000 4.760900
9000000 5.078019
10000000 5.687697

Final Time is Wed 23 Nov 2022 10:27:52 PM -03
