Running on host grad05

Initial Time is Wed 23 Nov 2022 10:27:52 PM -03

Directory is /home/pp03025/openmp/mpi/trabalho2-paralela

This jobs runs on the following nodes:
grad[05,08]

JOB_ID:
7734

16 processos/2 nodos
1000000 0.437441
2000000 0.868725
3000000 1.333995
4000000 1.815520
5000000 2.310757
6000000 2.817479
7000000 3.292887
8000000 3.747763
9000000 4.208346
10000000 4.681796

16 processos (bynode)/2 nodos
1000000 0.432594
2000000 0.866241
3000000 1.330491
4000000 1.808006
5000000 2.309865
6000000 2.803522
7000000 3.267057
8000000 3.726951
9000000 4.208932
10000000 4.651359

Final Time is Wed 23 Nov 2022 10:29:08 PM -03
