Running on host grad06

Initial Time is Wed 23 Nov 2022 10:30:15 PM -03

Directory is /home/pp03025/openmp/mpi/trabalho2-paralela

This jobs runs on the following nodes:
grad[06-07]

JOB_ID:
7738

32 processos/2 nodos
1000000 0.345103
2000000 0.669283
3000000 1.017945
4000000 1.373666
5000000 1.746110
6000000 2.059475
7000000 2.274305
8000000 2.542585
9000000 2.725567
10000000 3.033336

32 processos (bynode)/2 nodos
1000000 0.343626
2000000 0.667354
3000000 1.013873
4000000 1.364122
5000000 1.736983
6000000 2.081092
7000000 2.381045
8000000 2.674319
9000000 2.936740
10000000 3.207927

Final Time is Wed 23 Nov 2022 10:31:11 PM -03
