Running on host grad03

Initial Time is Wed 23 Nov 2022 09:59:29 PM -03

Directory is /home/pp03025/openmp/mpi/trabalho2-paralela

This jobs runs on the following nodes:
grad03

JOB_ID:
7712

Sequencial
1000000 5.826619
2000000 11.778296
3000000 17.889423
4000000 24.143193
5000000 30.531306
6000000 36.791410
7000000 40.670480
8000000 42.857523
9000000 45.081020
10000000 47.298666

Sequencial (bynode)
1000000 5.820422
2000000 11.778124
3000000 17.885030
4000000 24.142444
5000000 30.535500
6000000 36.790393
7000000 40.655717
8000000 42.907666
9000000 45.137452
10000000 47.361343

Final Time is Wed 23 Nov 2022 10:10:45 PM -03
