Running on host grad06

Initial Time is Wed 23 Nov 2022 10:26:29 PM -03

Directory is /home/pp03025/openmp/mpi/trabalho2-paralela

This jobs runs on the following nodes:
grad06

JOB_ID:
7732

16 processos/1 nodo
1000000 0.551939
2000000 1.108625
3000000 1.701085
4000000 2.299696
5000000 2.907010
6000000 3.552114
7000000 4.090949
8000000 4.333336
9000000 4.910176
10000000 5.660825

16 processos (bynode)/1 nodo
1000000 0.556675
2000000 1.120113
3000000 1.712557
4000000 2.310687
5000000 2.922731
6000000 3.556786
7000000 3.831061
8000000 4.473947
9000000 5.100471
10000000 5.800294

Final Time is Wed 23 Nov 2022 10:27:54 PM -03
