Running on host grad07

Initial Time is Wed 23 Nov 2022 10:26:29 PM -03

Directory is /home/pp03025/openmp/mpi/trabalho2-paralela

This jobs runs on the following nodes:
grad07

JOB_ID:
7733

16 processos/1 nodo
1000000 0.555141
2000000 1.110120
3000000 1.683021
4000000 2.275502
5000000 2.871240
6000000 3.499810
7000000 4.121531
8000000 4.651908
9000000 5.276778
10000000 5.847672

16 processos (bynode)/1 nodo
1000000 0.552205
2000000 1.106077
3000000 1.682168
4000000 2.283400
5000000 2.871511
6000000 3.514382
7000000 4.160642
8000000 4.748585
9000000 5.003730
10000000 5.599433

Final Time is Wed 23 Nov 2022 10:27:55 PM -03
