Running on host grad06

Initial Time is Wed 23 Nov 2022 10:27:55 PM -03

Directory is /home/pp03025/openmp/mpi/trabalho2-paralela

This jobs runs on the following nodes:
grad[06-07]

JOB_ID:
7735

16 processos/2 nodos
1000000 0.514842
2000000 1.033771
3000000 1.581298
4000000 2.143610
5000000 2.723407
6000000 3.269346
7000000 3.688435
8000000 4.059590
9000000 4.478028
10000000 4.864501

16 processos (bynode)/2 nodos
1000000 0.509602
2000000 1.030979
3000000 1.576269
4000000 2.135311
5000000 2.715688
6000000 3.233623
7000000 3.705977
8000000 4.131960
9000000 4.704915
10000000 5.055401

Final Time is Wed 23 Nov 2022 10:29:17 PM -03
