Running on host grad06

Initial Time is Wed 23 Nov 2022 10:29:17 PM -03

Directory is /home/pp03025/openmp/mpi/trabalho2-paralela

This jobs runs on the following nodes:
grad[06-07]

JOB_ID:
7737

32 processos/2 nodos
1000000 0.344016
2000000 0.670834
3000000 1.020511
4000000 1.367172
5000000 1.729503
6000000 2.071516
7000000 2.273861
8000000 2.545227
9000000 2.777273
10000000 3.011425

32 processos (bynode)/2 nodos
1000000 0.343669
2000000 0.671169
3000000 1.013841
4000000 1.370121
5000000 1.737484
6000000 2.071331
7000000 2.375887
8000000 2.647573
9000000 2.937421
10000000 3.279083

Final Time is Wed 23 Nov 2022 10:30:15 PM -03
