Running on host grad04

Initial Time is Wed 23 Nov 2022 10:19:02 PM -03

Directory is /home/pp03025/openmp/mpi/trabalho2-paralela

This jobs runs on the following nodes:
grad04

JOB_ID:
7722

Sequencial
1000000 5.815877
2000000 11.759359
3000000 17.850158
4000000 24.088926
5000000 30.478261
6000000 36.711827
7000000 40.600556
8000000 42.830657
9000000 45.052976
10000000 47.283662

Sequencial (bynode)
1000000 5.824394
2000000 11.772567
3000000 17.875330
4000000 24.117757
5000000 30.515531
6000000 36.764255
7000000 40.651944
8000000 42.882666
9000000 45.091118
10000000 47.346874

Final Time is Wed 23 Nov 2022 10:30:18 PM -03
