Running on host grad03

Initial Time is Wed 23 Nov 2022 10:18:59 PM -03

Directory is /home/pp03025/openmp/mpi/trabalho2-paralela

This jobs runs on the following nodes:
grad03

JOB_ID:
7721

Sequencial
1000000 5.823068
2000000 11.774517
3000000 17.873978
4000000 24.125948
5000000 30.532246
6000000 36.774742
7000000 40.671331
8000000 42.863765
9000000 45.059086
10000000 47.281552

Sequencial (bynode)
1000000 5.820680
2000000 11.772427
3000000 17.874509
4000000 24.130019
5000000 30.520006
6000000 36.771961
7000000 40.665833
8000000 42.846350
9000000 45.048739
10000000 47.271514

Final Time is Wed 23 Nov 2022 10:30:15 PM -03
